[debug] [2026-01-13T07:46:59.312Z] ----------------------------------------------------------------------
[debug] [2026-01-13T07:46:59.382Z] Command:       /usr/local/bin/node /usr/local/bin/firebase deploy --only firestore:rules,firestore:indexes
[debug] [2026-01-13T07:46:59.383Z] CLI Version:   14.26.0
[debug] [2026-01-13T07:46:59.384Z] Platform:      darwin
[debug] [2026-01-13T07:46:59.384Z] Node Version:  v24.11.1
[debug] [2026-01-13T07:46:59.385Z] Time:          Tue Jan 13 2026 10:46:59 GMT+0300 (GMT+03:00)
[debug] [2026-01-13T07:46:59.385Z] ----------------------------------------------------------------------
[debug] 
[debug] [2026-01-13T07:46:59.938Z] > command requires scopes: ["email","openid","https://www.googleapis.com/auth/cloudplatformprojects.readonly","https://www.googleapis.com/auth/firebase","https://www.googleapis.com/auth/cloud-platform"]
[debug] [2026-01-13T07:46:59.939Z] > authorizing via signed-in user (caglayantalha@gmail.com)
[debug] [2026-01-13T07:46:59.939Z] [iam] checking project yks-arena-1a0f8 for permissions ["datastore.indexes.create","datastore.indexes.delete","datastore.indexes.list","datastore.indexes.update","firebase.projects.get"]
[debug] [2026-01-13T07:46:59.942Z] Checked if tokens are valid: true, expires at: 1768293861836
[debug] [2026-01-13T07:46:59.942Z] Checked if tokens are valid: true, expires at: 1768293861836
[debug] [2026-01-13T07:46:59.947Z] >>> [apiv2][query] POST https://cloudresourcemanager.googleapis.com/v1/projects/yks-arena-1a0f8:testIamPermissions [none]
[debug] [2026-01-13T07:46:59.947Z] >>> [apiv2][(partial)header] POST https://cloudresourcemanager.googleapis.com/v1/projects/yks-arena-1a0f8:testIamPermissions x-goog-quota-user=projects/yks-arena-1a0f8
[debug] [2026-01-13T07:46:59.947Z] >>> [apiv2][body] POST https://cloudresourcemanager.googleapis.com/v1/projects/yks-arena-1a0f8:testIamPermissions {"permissions":["datastore.indexes.create","datastore.indexes.delete","datastore.indexes.list","datastore.indexes.update","firebase.projects.get"]}
[debug] [2026-01-13T07:47:01.225Z] <<< [apiv2][status] POST https://cloudresourcemanager.googleapis.com/v1/projects/yks-arena-1a0f8:testIamPermissions 200
[debug] [2026-01-13T07:47:01.225Z] <<< [apiv2][body] POST https://cloudresourcemanager.googleapis.com/v1/projects/yks-arena-1a0f8:testIamPermissions {"permissions":["datastore.indexes.create","datastore.indexes.delete","datastore.indexes.list","datastore.indexes.update","firebase.projects.get"]}
[info] 
[info] === Deploying to 'yks-arena-1a0f8'...
[info] 
[info] i  deploying firestore 
[info] i  firestore: ensuring required API firestore.googleapis.com is enabled... 
[info] i  firestore: ensuring required API firestore.googleapis.com is enabled... 
[debug] [2026-01-13T07:47:01.231Z] Checked if tokens are valid: true, expires at: 1768293861836
[debug] [2026-01-13T07:47:01.231Z] Checked if tokens are valid: true, expires at: 1768293861836
[debug] [2026-01-13T07:47:01.231Z] >>> [apiv2][query] GET https://firestore.googleapis.com/v1/projects/yks-arena-1a0f8/databases/(default) [none]
[debug] [2026-01-13T07:47:01.854Z] <<< [apiv2][status] GET https://firestore.googleapis.com/v1/projects/yks-arena-1a0f8/databases/(default) 404
[debug] [2026-01-13T07:47:01.855Z] <<< [apiv2][body] GET https://firestore.googleapis.com/v1/projects/yks-arena-1a0f8/databases/(default) {"error":{"code":404,"message":"Project 'yks-arena-1a0f8' or database '(default)' does not exist.","status":"NOT_FOUND"}}
[info] i  firestore: Creating the new Firestore database (default)... 
[debug] [2026-01-13T07:47:01.856Z] Checked if tokens are valid: true, expires at: 1768293861836
[debug] [2026-01-13T07:47:01.857Z] Checked if tokens are valid: true, expires at: 1768293861836
[debug] [2026-01-13T07:47:01.858Z] >>> [apiv2][query] POST https://firestore.googleapis.com/v1/projects/yks-arena-1a0f8/databases databaseId=%28default%29
[debug] [2026-01-13T07:47:01.858Z] >>> [apiv2][body] POST https://firestore.googleapis.com/v1/projects/yks-arena-1a0f8/databases {"locationId":"nam5","type":"FIRESTORE_NATIVE","databaseEdition":"STANDARD","deleteProtectionState":"DELETE_PROTECTION_DISABLED","pointInTimeRecoveryEnablement":"POINT_IN_TIME_RECOVERY_DISABLED"}
[debug] [2026-01-13T07:47:03.065Z] <<< [apiv2][status] POST https://firestore.googleapis.com/v1/projects/yks-arena-1a0f8/databases 200
[debug] [2026-01-13T07:47:03.065Z] <<< [apiv2][body] POST https://firestore.googleapis.com/v1/projects/yks-arena-1a0f8/databases {"name":"projects/yks-arena-1a0f8/databases/(default)/operations/TfaDwgjY94elTl24u7EO8RAqNW1hbgQiBRAM3eGwEAbLl_D3CAsKJxo","metadata":{"@type":"type.googleapis.com/google.firestore.admin.v1.CreateDatabaseMetadata"},"response":{"@type":"type.googleapis.com/google.firestore.admin.v1.Database","name":"projects/yks-arena-1a0f8/databases/(default)","uid":"f10eb1bb-b85d-4ea5-87f7-d808c283f64d","createTime":"2026-01-13T07:47:03.026702Z","updateTime":"2026-01-13T07:47:03.026702Z","locationId":"nam5","type":"FIRESTORE_NATIVE","concurrencyMode":"PESSIMISTIC","versionRetentionPeriod":"3600s","earliestVersionTime":"2026-01-13T07:47:03.026702Z","appEngineIntegrationMode":"DISABLED","keyPrefix":"s","pointInTimeRecoveryEnablement":"POINT_IN_TIME_RECOVERY_DISABLED","deleteProtectionState":"DELETE_PROTECTION_DISABLED","databaseEdition":"STANDARD","freeTier":false,"realtimeUpdatesMode":"REALTIME_UPDATES_MODE_ENABLED","etag":"IJW+mpSDiJIDMI7omJSDiJID"}}
[debug] [2026-01-13T07:47:03.068Z] Checked if tokens are valid: true, expires at: 1768293861836
[debug] [2026-01-13T07:47:03.068Z] Checked if tokens are valid: true, expires at: 1768293861836
[debug] [2026-01-13T07:47:03.068Z] >>> [apiv2][query] GET https://firestore.googleapis.com/v1/projects/yks-arena-1a0f8/databases/(default)/operations/TfaDwgjY94elTl24u7EO8RAqNW1hbgQiBRAM3eGwEAbLl_D3CAsKJxo [none]
[debug] [2026-01-13T07:47:03.726Z] <<< [apiv2][status] GET https://firestore.googleapis.com/v1/projects/yks-arena-1a0f8/databases/(default)/operations/TfaDwgjY94elTl24u7EO8RAqNW1hbgQiBRAM3eGwEAbLl_D3CAsKJxo 200
[debug] [2026-01-13T07:47:03.726Z] <<< [apiv2][body] GET https://firestore.googleapis.com/v1/projects/yks-arena-1a0f8/databases/(default)/operations/TfaDwgjY94elTl24u7EO8RAqNW1hbgQiBRAM3eGwEAbLl_D3CAsKJxo {"name":"projects/yks-arena-1a0f8/databases/(default)/operations/TfaDwgjY94elTl24u7EO8RAqNW1hbgQiBRAM3eGwEAbLl_D3CAsKJxo","metadata":{"@type":"type.googleapis.com/google.firestore.admin.v1.CreateDatabaseMetadata"},"response":{"@type":"type.googleapis.com/google.firestore.admin.v1.Database","name":"projects/yks-arena-1a0f8/databases/(default)","uid":"f10eb1bb-b85d-4ea5-87f7-d808c283f64d","createTime":"2026-01-13T07:47:03.026702Z","updateTime":"2026-01-13T07:47:03.026702Z","locationId":"nam5","type":"FIRESTORE_NATIVE","concurrencyMode":"PESSIMISTIC","versionRetentionPeriod":"3600s","earliestVersionTime":"2026-01-13T07:47:03.026702Z","appEngineIntegrationMode":"DISABLED","keyPrefix":"s","pointInTimeRecoveryEnablement":"POINT_IN_TIME_RECOVERY_DISABLED","deleteProtectionState":"DELETE_PROTECTION_DISABLED","databaseEdition":"STANDARD","freeTier":false,"realtimeUpdatesMode":"REALTIME_UPDATES_MODE_ENABLED","etag":"II/JrJSDiJIDMI7omJSDiJID"}}
[debug] [2026-01-13T07:47:04.227Z] [LRO Poller] Retrying task index 0
[debug] [2026-01-13T07:47:04.228Z] Checked if tokens are valid: true, expires at: 1768293861836
[debug] [2026-01-13T07:47:04.229Z] Checked if tokens are valid: true, expires at: 1768293861836
[debug] [2026-01-13T07:47:04.229Z] >>> [apiv2][query] GET https://firestore.googleapis.com/v1/projects/yks-arena-1a0f8/databases/(default)/operations/TfaDwgjY94elTl24u7EO8RAqNW1hbgQiBRAM3eGwEAbLl_D3CAsKJxo [none]
[debug] [2026-01-13T07:47:04.902Z] <<< [apiv2][status] GET https://firestore.googleapis.com/v1/projects/yks-arena-1a0f8/databases/(default)/operations/TfaDwgjY94elTl24u7EO8RAqNW1hbgQiBRAM3eGwEAbLl_D3CAsKJxo 200
[debug] [2026-01-13T07:47:04.903Z] <<< [apiv2][body] GET https://firestore.googleapis.com/v1/projects/yks-arena-1a0f8/databases/(default)/operations/TfaDwgjY94elTl24u7EO8RAqNW1hbgQiBRAM3eGwEAbLl_D3CAsKJxo {"name":"projects/yks-arena-1a0f8/databases/(default)/operations/TfaDwgjY94elTl24u7EO8RAqNW1hbgQiBRAM3eGwEAbLl_D3CAsKJxo","metadata":{"@type":"type.googleapis.com/google.firestore.admin.v1.CreateDatabaseMetadata"},"done":true,"response":{"@type":"type.googleapis.com/google.firestore.admin.v1.Database","name":"projects/yks-arena-1a0f8/databases/(default)","uid":"f10eb1bb-b85d-4ea5-87f7-d808c283f64d","createTime":"2026-01-13T07:47:03.026702Z","updateTime":"2026-01-13T07:47:03.026702Z","locationId":"nam5","type":"FIRESTORE_NATIVE","concurrencyMode":"PESSIMISTIC","versionRetentionPeriod":"3600s","earliestVersionTime":"2026-01-13T07:47:03.026702Z","appEngineIntegrationMode":"DISABLED","keyPrefix":"s","pointInTimeRecoveryEnablement":"POINT_IN_TIME_RECOVERY_DISABLED","deleteProtectionState":"DELETE_PROTECTION_DISABLED","databaseEdition":"STANDARD","freeTier":false,"realtimeUpdatesMode":"REALTIME_UPDATES_MODE_ENABLED","etag":"IJPM8JSDiJIDMI7omJSDiJID"}}
[info] i  firestore: reading indexes from firestore.indexes.json... 
[info] i  cloud.firestore: checking firestore.rules for compilation errors... 
[debug] [2026-01-13T07:47:04.909Z] Checked if tokens are valid: true, expires at: 1768293861836
[debug] [2026-01-13T07:47:04.909Z] Checked if tokens are valid: true, expires at: 1768293861836
[debug] [2026-01-13T07:47:04.909Z] >>> [apiv2][query] POST https://firebaserules.googleapis.com/v1/projects/yks-arena-1a0f8:test [none]
[debug] [2026-01-13T07:47:04.909Z] >>> [apiv2][body] POST https://firebaserules.googleapis.com/v1/projects/yks-arena-1a0f8:test [omitted]
[debug] [2026-01-13T07:47:05.966Z] <<< [apiv2][status] POST https://firebaserules.googleapis.com/v1/projects/yks-arena-1a0f8:test 200
[debug] [2026-01-13T07:47:05.966Z] <<< [apiv2][body] POST https://firebaserules.googleapis.com/v1/projects/yks-arena-1a0f8:test {}
[info] ✔  cloud.firestore: rules file firestore.rules compiled successfully 
[debug] [2026-01-13T07:47:05.968Z] Checked if tokens are valid: true, expires at: 1768293861836
[debug] [2026-01-13T07:47:05.968Z] Checked if tokens are valid: true, expires at: 1768293861836
[debug] [2026-01-13T07:47:05.969Z] >>> [apiv2][query] GET https://firebaserules.googleapis.com/v1/projects/yks-arena-1a0f8/releases pageSize=10&pageToken=
[debug] [2026-01-13T07:47:06.767Z] <<< [apiv2][status] GET https://firebaserules.googleapis.com/v1/projects/yks-arena-1a0f8/releases 200
[debug] [2026-01-13T07:47:06.768Z] <<< [apiv2][body] GET https://firebaserules.googleapis.com/v1/projects/yks-arena-1a0f8/releases {"releases":[{"name":"projects/yks-arena-1a0f8/releases/cloud.firestore/yks-arena-26","rulesetName":"projects/yks-arena-1a0f8/rulesets/7113c2c9-efee-4088-94e0-c7266a9b1f82","createTime":"2026-01-13T07:38:35.586923Z","updateTime":"2026-01-13T07:38:35.586923Z"}]}
[debug] [2026-01-13T07:47:06.768Z] Checked if tokens are valid: true, expires at: 1768293861836
[debug] [2026-01-13T07:47:06.769Z] Checked if tokens are valid: true, expires at: 1768293861836
[debug] [2026-01-13T07:47:06.769Z] >>> [apiv2][query] GET https://firebaserules.googleapis.com/v1/projects/yks-arena-1a0f8/rulesets/7113c2c9-efee-4088-94e0-c7266a9b1f82 [none]
[debug] [2026-01-13T07:47:07.564Z] <<< [apiv2][status] GET https://firebaserules.googleapis.com/v1/projects/yks-arena-1a0f8/rulesets/7113c2c9-efee-4088-94e0-c7266a9b1f82 200
[debug] [2026-01-13T07:47:07.565Z] <<< [apiv2][body] GET https://firebaserules.googleapis.com/v1/projects/yks-arena-1a0f8/rulesets/7113c2c9-efee-4088-94e0-c7266a9b1f82 [omitted]
[info] i  firestore: uploading rules firestore.rules... 
[debug] [2026-01-13T07:47:07.568Z] Checked if tokens are valid: true, expires at: 1768293861836
[debug] [2026-01-13T07:47:07.568Z] Checked if tokens are valid: true, expires at: 1768293861836
[debug] [2026-01-13T07:47:07.569Z] >>> [apiv2][query] POST https://firebaserules.googleapis.com/v1/projects/yks-arena-1a0f8/rulesets [none]
[debug] [2026-01-13T07:47:07.569Z] >>> [apiv2][body] POST https://firebaserules.googleapis.com/v1/projects/yks-arena-1a0f8/rulesets [omitted]
[debug] [2026-01-13T07:47:08.485Z] <<< [apiv2][status] POST https://firebaserules.googleapis.com/v1/projects/yks-arena-1a0f8/rulesets 200
[debug] [2026-01-13T07:47:08.486Z] <<< [apiv2][body] POST https://firebaserules.googleapis.com/v1/projects/yks-arena-1a0f8/rulesets {"name":"projects/yks-arena-1a0f8/rulesets/4497f2e3-a63a-49dd-a4d1-1934633a2c06","source":{"files":[{"content":"// Firestore security rules\nrules_version = '2';\nservice cloud.firestore {\n  match /databases/{database}/documents {\n\n    match /questions/{id} {\n      allow read: if true;\n      allow write: if false;\n    }\n\n    match /matches/{id} {\n      allow read: if request.auth != null; // anon dahil\n      allow write: if false;\n    }\n\n    match /invites/{code} {\n      allow read: if request.auth != null;\n      allow write: if false;\n    }\n\n    match /users/{uid} {\n      allow read: if request.auth != null;\n      allow write: if false;\n    }\n\n    match /system/{docId} {\n      // Allow read for authenticated users (anon auth included)\n      allow read: if request.auth != null;\n      // Allow write only from backend (admin SDK)\n      allow write: if false;\n    }\n\n    match /leagues/{bucketId} {\n      allow read: if request.auth != null;\n      allow write: if false;\n    }\n  }\n}\n","name":"firestore.rules"}]},"createTime":"2026-01-13T07:47:08.432015Z","metadata":{"services":["cloud.firestore"]}}
[debug] [2026-01-13T07:47:08.486Z] [rules] created ruleset projects/yks-arena-1a0f8/rulesets/4497f2e3-a63a-49dd-a4d1-1934633a2c06
[info] i  firestore: deploying indexes... 
[debug] [2026-01-13T07:47:08.489Z] Checked if tokens are valid: true, expires at: 1768293861836
[debug] [2026-01-13T07:47:08.489Z] Checked if tokens are valid: true, expires at: 1768293861836
[debug] [2026-01-13T07:47:08.489Z] >>> [apiv2][query] GET https://firestore.googleapis.com/v1/projects/yks-arena-1a0f8/databases/(default)/collectionGroups/-/indexes [none]
[debug] [2026-01-13T07:47:10.892Z] <<< [apiv2][status] GET https://firestore.googleapis.com/v1/projects/yks-arena-1a0f8/databases/(default)/collectionGroups/-/indexes 200
[debug] [2026-01-13T07:47:10.893Z] <<< [apiv2][body] GET https://firestore.googleapis.com/v1/projects/yks-arena-1a0f8/databases/(default)/collectionGroups/-/indexes {}
[debug] [2026-01-13T07:47:10.893Z] Checked if tokens are valid: true, expires at: 1768293861836
[debug] [2026-01-13T07:47:10.894Z] Checked if tokens are valid: true, expires at: 1768293861836
[debug] [2026-01-13T07:47:10.894Z] >>> [apiv2][query] GET https://firestore.googleapis.com/v1/projects/yks-arena-1a0f8/databases/(default)/collectionGroups/-/fields?filter=indexConfig.usesAncestorConfig=false OR ttlConfig:* [none]
[debug] [2026-01-13T07:47:13.679Z] <<< [apiv2][status] GET https://firestore.googleapis.com/v1/projects/yks-arena-1a0f8/databases/(default)/collectionGroups/-/fields?filter=indexConfig.usesAncestorConfig=false OR ttlConfig:* 200
[debug] [2026-01-13T07:47:13.680Z] <<< [apiv2][body] GET https://firestore.googleapis.com/v1/projects/yks-arena-1a0f8/databases/(default)/collectionGroups/-/fields?filter=indexConfig.usesAncestorConfig=false OR ttlConfig:* {"fields":[{"name":"projects/yks-arena-1a0f8/databases/(default)/collectionGroups/__default__/fields/*","indexConfig":{"indexes":[{"queryScope":"COLLECTION","fields":[{"fieldPath":"*","order":"ASCENDING"}],"state":"READY"},{"queryScope":"COLLECTION","fields":[{"fieldPath":"*","order":"DESCENDING"}],"state":"READY"},{"queryScope":"COLLECTION","fields":[{"fieldPath":"*","arrayConfig":"CONTAINS"}],"state":"READY"}]}}]}
[debug] [2026-01-13T07:47:13.680Z] Checked if tokens are valid: true, expires at: 1768293861836
[debug] [2026-01-13T07:47:13.681Z] Checked if tokens are valid: true, expires at: 1768293861836
[debug] [2026-01-13T07:47:13.681Z] >>> [apiv2][query] GET https://firestore.googleapis.com/v1/projects/yks-arena-1a0f8/databases/(default) [none]
[debug] [2026-01-13T07:47:14.231Z] <<< [apiv2][status] GET https://firestore.googleapis.com/v1/projects/yks-arena-1a0f8/databases/(default) 200
[debug] [2026-01-13T07:47:14.232Z] <<< [apiv2][body] GET https://firestore.googleapis.com/v1/projects/yks-arena-1a0f8/databases/(default) {"name":"projects/yks-arena-1a0f8/databases/(default)","uid":"f10eb1bb-b85d-4ea5-87f7-d808c283f64d","createTime":"2026-01-13T07:47:03.026702Z","updateTime":"2026-01-13T07:47:03.026702Z","locationId":"nam5","type":"FIRESTORE_NATIVE","concurrencyMode":"PESSIMISTIC","versionRetentionPeriod":"3600s","earliestVersionTime":"2026-01-13T07:47:03.026702Z","appEngineIntegrationMode":"DISABLED","keyPrefix":"s","pointInTimeRecoveryEnablement":"POINT_IN_TIME_RECOVERY_DISABLED","deleteProtectionState":"DELETE_PROTECTION_DISABLED","databaseEdition":"STANDARD","freeTier":false,"realtimeUpdatesMode":"REALTIME_UPDATES_MODE_ENABLED","etag":"IPyTxJmDiJIDMOrLn5mDiJID"}
[debug] [2026-01-13T07:47:14.232Z] Creating new index: {"collectionGroup":"questions","queryScope":"COLLECTION","fields":[{"fieldPath":"isActive","order":"ASCENDING"},{"fieldPath":"category","order":"ASCENDING"},{"fieldPath":"randomId","order":"ASCENDING"}]}
[debug] [2026-01-13T07:47:14.233Z] Checked if tokens are valid: true, expires at: 1768293861836
[debug] [2026-01-13T07:47:14.233Z] Checked if tokens are valid: true, expires at: 1768293861836
[debug] [2026-01-13T07:47:14.233Z] >>> [apiv2][query] POST https://firestore.googleapis.com/v1/projects/yks-arena-1a0f8/databases/(default)/collectionGroups/questions/indexes [none]
[debug] [2026-01-13T07:47:14.233Z] >>> [apiv2][body] POST https://firestore.googleapis.com/v1/projects/yks-arena-1a0f8/databases/(default)/collectionGroups/questions/indexes {"fields":[{"fieldPath":"isActive","order":"ASCENDING"},{"fieldPath":"category","order":"ASCENDING"},{"fieldPath":"randomId","order":"ASCENDING"}],"queryScope":"COLLECTION"}
[debug] [2026-01-13T07:47:18.521Z] <<< [apiv2][status] POST https://firestore.googleapis.com/v1/projects/yks-arena-1a0f8/databases/(default)/collectionGroups/questions/indexes 200
[debug] [2026-01-13T07:47:18.521Z] <<< [apiv2][body] POST https://firestore.googleapis.com/v1/projects/yks-arena-1a0f8/databases/(default)/collectionGroups/questions/indexes {"name":"projects/yks-arena-1a0f8/databases/(default)/operations/S0U0aFhqT2dBQ0lDDCoDIDdmODIyNGQ2NDg5NS04MmRiLTc2MjQtNGQ1Yi04MDhmZGQ1YiQac2VuaWxlcGlwCQpBEg","metadata":{"@type":"type.googleapis.com/google.firestore.admin.v1.IndexOperationMetadata","startTime":"2026-01-13T07:47:18.429143Z","index":"projects/yks-arena-1a0f8/databases/(default)/collectionGroups/questions/indexes/CICAgOjXh4EK","state":"INITIALIZING"}}
[debug] [2026-01-13T07:47:18.521Z] Creating new index: {"collectionGroup":"questions","queryScope":"COLLECTION","fields":[{"fieldPath":"isActive","order":"ASCENDING"},{"fieldPath":"category","order":"ASCENDING"},{"fieldPath":"randomId","order":"DESCENDING"}]}
[debug] [2026-01-13T07:47:18.522Z] Checked if tokens are valid: true, expires at: 1768293861836
[debug] [2026-01-13T07:47:18.522Z] Checked if tokens are valid: true, expires at: 1768293861836
[debug] [2026-01-13T07:47:18.522Z] >>> [apiv2][query] POST https://firestore.googleapis.com/v1/projects/yks-arena-1a0f8/databases/(default)/collectionGroups/questions/indexes [none]
[debug] [2026-01-13T07:47:18.522Z] >>> [apiv2][body] POST https://firestore.googleapis.com/v1/projects/yks-arena-1a0f8/databases/(default)/collectionGroups/questions/indexes {"fields":[{"fieldPath":"isActive","order":"ASCENDING"},{"fieldPath":"category","order":"ASCENDING"},{"fieldPath":"randomId","order":"DESCENDING"}],"queryScope":"COLLECTION"}
